[debug] [2020-09-28T18:47:58.704Z] ----------------------------------------------------------------------
[debug] [2020-09-28T18:47:58.705Z] Command:       /usr/local/bin/node /usr/local/bin/firebase deploy --only functions:appContatoAdd --project=lara2-3b332
[debug] [2020-09-28T18:47:58.705Z] CLI Version:   8.7.0
[debug] [2020-09-28T18:47:58.705Z] Platform:      darwin
[debug] [2020-09-28T18:47:58.705Z] Node Version:  v12.18.3
[debug] [2020-09-28T18:47:58.707Z] Time:          Mon Sep 28 2020 15:47:58 GMT-0300 (GMT-03:00)
[debug] [2020-09-28T18:47:58.707Z] ----------------------------------------------------------------------
[debug] [2020-09-28T18:47:58.707Z] 
[debug] [2020-09-28T18:47:58.714Z] > command requires scopes: ["email","openid","https://www.googleapis.com/auth/cloudplatformprojects.readonly","https://www.googleapis.com/auth/firebase","https://www.googleapis.com/auth/cloud-platform"]
[debug] [2020-09-28T18:47:58.714Z] > authorizing via signed-in user
[debug] [2020-09-28T18:47:58.715Z] [iam] checking project lara2-3b332 for permissions ["cloudfunctions.functions.create","cloudfunctions.functions.delete","cloudfunctions.functions.get","cloudfunctions.functions.list","cloudfunctions.functions.update","cloudfunctions.operations.get","firebase.projects.get"]
[debug] [2020-09-28T18:47:58.717Z] >>> HTTP REQUEST POST https://cloudresourcemanager.googleapis.com/v1/projects/lara2-3b332:testIamPermissions  
 {"permissions":["cloudfunctions.functions.create","cloudfunctions.functions.delete","cloudfunctions.functions.get","cloudfunctions.functions.list","cloudfunctions.functions.update","cloudfunctions.operations.get","firebase.projects.get"]}
[debug] [2020-09-28T18:47:59.951Z] <<< HTTP RESPONSE 200 {"content-type":"application/json; charset=UTF-8","vary":"X-Origin, Referer, Origin,Accept-Encoding","date":"Mon, 28 Sep 2020 18:47:59 GMT","server":"ESF","cache-control":"private","x-xss-protection":"0","x-frame-options":"SAMEORIGIN","x-content-type-options":"nosniff","server-timing":"gfet4t7; dur=776","alt-svc":"h3-Q050=\":443\"; ma=2592000,h3-29=\":443\"; ma=2592000,h3-27=\":443\"; ma=2592000,h3-T051=\":443\"; ma=2592000,h3-T050=\":443\"; ma=2592000,h3-Q046=\":443\"; ma=2592000,h3-Q043=\":443\"; ma=2592000,quic=\":443\"; ma=2592000; v=\"46,43\"","accept-ranges":"none","transfer-encoding":"chunked"}
[debug] [2020-09-28T18:47:59.953Z] >>> HTTP REQUEST POST https://iam.googleapis.com/v1/projects/lara2-3b332/serviceAccounts/lara2-3b332@appspot.gserviceaccount.com:testIamPermissions  
 {"permissions":["iam.serviceAccounts.actAs"]}
[debug] [2020-09-28T18:48:00.873Z] <<< HTTP RESPONSE 200 {"content-type":"application/json; charset=UTF-8","vary":"X-Origin, Referer, Origin,Accept-Encoding","date":"Mon, 28 Sep 2020 18:48:00 GMT","server":"ESF","cache-control":"private","x-xss-protection":"0","x-frame-options":"SAMEORIGIN","x-content-type-options":"nosniff","alt-svc":"h3-Q050=\":443\"; ma=2592000,h3-29=\":443\"; ma=2592000,h3-27=\":443\"; ma=2592000,h3-T051=\":443\"; ma=2592000,h3-T050=\":443\"; ma=2592000,h3-Q046=\":443\"; ma=2592000,h3-Q043=\":443\"; ma=2592000,quic=\":443\"; ma=2592000; v=\"46,43\"","accept-ranges":"none","transfer-encoding":"chunked"}
[info] 
[info] === Deploying to 'lara2-3b332'...
[info] 
[info] i  deploying functions 
[info] Running command: npm --prefix "$RESOURCE_DIR" run lint
[info] Running command: npm --prefix "$RESOURCE_DIR" run build
[info] ✔  functions: Finished running predeploy script. 
[debug] [2020-09-28T18:48:12.250Z] > [functions] package.json contents: {
  "name": "functions",
  "scripts": {
    "lint": "tslint --project tsconfig.json",
    "build": "tsc",
    "serve": "npm run build && firebase emulators:start --only functions",
    "shell": "npm run build && firebase functions:shell",
    "start": "npm run shell",
    "deploy": "firebase deploy --only functions",
    "logs": "firebase functions:log"
  },
  "engines": {
    "node": "10"
  },
  "main": "lib/index.js",
  "dependencies": {
    "@google-cloud/speech": "^3.6.0",
    "@types/ip-address": "^5.8.2",
    "@types/request": "^2.48.5",
    "axios": "^0.20.0",
    "cors": "^2.8.5",
    "express": "^4.17.1",
    "firebase-admin": "^8.13.0",
    "firebase-functions": "^3.11.0",
    "imap-simple": "^5.0.0",
    "lodash": "^4.17.20",
    "mailparser": "^3.0.0",
    "mysql2": "^2.1.0",
    "node-fetch": "^2.6.0",
    "node-telegram-bot-api": "^0.40.0",
    "nodemailer": "^6.4.10",
    "request": "^2.88.2",
    "sanitize-html": "^1.27.4",
    "sequelize": "^6.3.4",
    "tedious": "^9.2.1",
    "twilio": "^3.48.1"
  },
  "devDependencies": {
    "firebase-functions-test": "^0.2.0",
    "tslint": "^5.12.0",
    "typescript": "^3.9.7"
  },
  "private": true
}
[info] i  functions: ensuring required API cloudfunctions.googleapis.com is enabled... 
[info] i  functions: ensuring required API cloudbuild.googleapis.com is enabled... 
[debug] [2020-09-28T18:48:13.396Z] >>> HTTP REQUEST GET https://serviceusage.googleapis.com/v1/projects/lara2-3b332/services/cloudfunctions.googleapis.com  
 
[debug] [2020-09-28T18:48:13.397Z] >>> HTTP REQUEST GET https://serviceusage.googleapis.com/v1/projects/lara2-3b332/services/runtimeconfig.googleapis.com  
 
[debug] [2020-09-28T18:48:13.397Z] >>> HTTP REQUEST GET https://serviceusage.googleapis.com/v1/projects/lara2-3b332/services/cloudbuild.googleapis.com  
 
[debug] [2020-09-28T18:48:14.492Z] <<< HTTP RESPONSE 200 {"content-type":"application/json; charset=UTF-8","vary":"X-Origin, Referer, Origin,Accept-Encoding","date":"Mon, 28 Sep 2020 18:48:14 GMT","server":"ESF","cache-control":"private","x-xss-protection":"0","x-frame-options":"SAMEORIGIN","x-content-type-options":"nosniff","alt-svc":"h3-Q050=\":443\"; ma=2592000,h3-29=\":443\"; ma=2592000,h3-27=\":443\"; ma=2592000,h3-T051=\":443\"; ma=2592000,h3-T050=\":443\"; ma=2592000,h3-Q046=\":443\"; ma=2592000,h3-Q043=\":443\"; ma=2592000,quic=\":443\"; ma=2592000; v=\"46,43\"","accept-ranges":"none","transfer-encoding":"chunked"}
[debug] [2020-09-28T18:48:14.516Z] <<< HTTP RESPONSE 200 {"content-type":"application/json; charset=UTF-8","vary":"X-Origin, Referer, Origin,Accept-Encoding","date":"Mon, 28 Sep 2020 18:48:14 GMT","server":"ESF","cache-control":"private","x-xss-protection":"0","x-frame-options":"SAMEORIGIN","x-content-type-options":"nosniff","alt-svc":"h3-Q050=\":443\"; ma=2592000,h3-29=\":443\"; ma=2592000,h3-27=\":443\"; ma=2592000,h3-T051=\":443\"; ma=2592000,h3-T050=\":443\"; ma=2592000,h3-Q046=\":443\"; ma=2592000,h3-Q043=\":443\"; ma=2592000,quic=\":443\"; ma=2592000; v=\"46,43\"","accept-ranges":"none","transfer-encoding":"chunked"}
[info] ✔  functions: required API cloudbuild.googleapis.com is enabled 
[debug] [2020-09-28T18:48:14.616Z] <<< HTTP RESPONSE 200 {"content-type":"application/json; charset=UTF-8","vary":"X-Origin, Referer, Origin,Accept-Encoding","date":"Mon, 28 Sep 2020 18:48:14 GMT","server":"ESF","cache-control":"private","x-xss-protection":"0","x-frame-options":"SAMEORIGIN","x-content-type-options":"nosniff","alt-svc":"h3-Q050=\":443\"; ma=2592000,h3-29=\":443\"; ma=2592000,h3-27=\":443\"; ma=2592000,h3-T051=\":443\"; ma=2592000,h3-T050=\":443\"; ma=2592000,h3-Q046=\":443\"; ma=2592000,h3-Q043=\":443\"; ma=2592000,quic=\":443\"; ma=2592000; v=\"46,43\"","accept-ranges":"none","transfer-encoding":"chunked"}
[info] ✔  functions: required API cloudfunctions.googleapis.com is enabled 
[debug] [2020-09-28T18:48:14.617Z] >>> HTTP REQUEST GET https://firebase.googleapis.com/v1beta1/projects/lara2-3b332/adminSdkConfig  
 
[debug] [2020-09-28T18:48:15.106Z] <<< HTTP RESPONSE 200 {"content-type":"application/json; charset=UTF-8","vary":"X-Origin, Referer, Origin,Accept-Encoding","date":"Mon, 28 Sep 2020 18:48:14 GMT","server":"ESF","cache-control":"private","x-xss-protection":"0","x-frame-options":"SAMEORIGIN","x-content-type-options":"nosniff","alt-svc":"h3-Q050=\":443\"; ma=2592000,h3-29=\":443\"; ma=2592000,h3-27=\":443\"; ma=2592000,h3-T051=\":443\"; ma=2592000,h3-T050=\":443\"; ma=2592000,h3-Q046=\":443\"; ma=2592000,h3-Q043=\":443\"; ma=2592000,quic=\":443\"; ma=2592000; v=\"46,43\"","accept-ranges":"none","transfer-encoding":"chunked"}
[info] i  functions: preparing functions directory for uploading... 
[debug] [2020-09-28T18:48:15.108Z] >>> HTTP REQUEST GET https://runtimeconfig.googleapis.com/v1beta1/projects/lara2-3b332/configs  
 
[debug] [2020-09-28T18:48:15.619Z] <<< HTTP RESPONSE 200 {"content-type":"application/json; charset=UTF-8","vary":"X-Origin, Referer, Origin,Accept-Encoding","date":"Mon, 28 Sep 2020 18:48:15 GMT","server":"ESF","cache-control":"private","x-xss-protection":"0","x-frame-options":"SAMEORIGIN","x-content-type-options":"nosniff","alt-svc":"h3-Q050=\":443\"; ma=2592000,h3-29=\":443\"; ma=2592000,h3-27=\":443\"; ma=2592000,h3-T051=\":443\"; ma=2592000,h3-T050=\":443\"; ma=2592000,h3-Q046=\":443\"; ma=2592000,h3-Q043=\":443\"; ma=2592000,quic=\":443\"; ma=2592000; v=\"46,43\"","accept-ranges":"none","transfer-encoding":"chunked"}
[debug] [2020-09-28T18:50:32.817Z] ----------------------------------------------------------------------
[debug] [2020-09-28T18:50:32.818Z] Command:       /usr/local/bin/node /usr/local/bin/firebase deploy --only functions:appContatoAdd --project=lara2-3b332
[debug] [2020-09-28T18:50:32.819Z] CLI Version:   8.7.0
[debug] [2020-09-28T18:50:32.819Z] Platform:      darwin
[debug] [2020-09-28T18:50:32.819Z] Node Version:  v12.18.3
[debug] [2020-09-28T18:50:32.820Z] Time:          Mon Sep 28 2020 15:50:32 GMT-0300 (GMT-03:00)
[debug] [2020-09-28T18:50:32.820Z] ----------------------------------------------------------------------
[debug] [2020-09-28T18:50:32.820Z] 
[debug] [2020-09-28T18:50:32.827Z] > command requires scopes: ["email","openid","https://www.googleapis.com/auth/cloudplatformprojects.readonly","https://www.googleapis.com/auth/firebase","https://www.googleapis.com/auth/cloud-platform"]
[debug] [2020-09-28T18:50:32.828Z] > authorizing via signed-in user
[debug] [2020-09-28T18:50:32.828Z] [iam] checking project lara2-3b332 for permissions ["cloudfunctions.functions.create","cloudfunctions.functions.delete","cloudfunctions.functions.get","cloudfunctions.functions.list","cloudfunctions.functions.update","cloudfunctions.operations.get","firebase.projects.get"]
[debug] [2020-09-28T18:50:32.830Z] >>> HTTP REQUEST POST https://cloudresourcemanager.googleapis.com/v1/projects/lara2-3b332:testIamPermissions  
 {"permissions":["cloudfunctions.functions.create","cloudfunctions.functions.delete","cloudfunctions.functions.get","cloudfunctions.functions.list","cloudfunctions.functions.update","cloudfunctions.operations.get","firebase.projects.get"]}
[debug] [2020-09-28T18:50:33.967Z] <<< HTTP RESPONSE 200 {"content-type":"application/json; charset=UTF-8","vary":"X-Origin, Referer, Origin,Accept-Encoding","date":"Mon, 28 Sep 2020 18:50:33 GMT","server":"ESF","cache-control":"private","x-xss-protection":"0","x-frame-options":"SAMEORIGIN","x-content-type-options":"nosniff","server-timing":"gfet4t7; dur=834","alt-svc":"h3-Q050=\":443\"; ma=2592000,h3-29=\":443\"; ma=2592000,h3-27=\":443\"; ma=2592000,h3-T051=\":443\"; ma=2592000,h3-T050=\":443\"; ma=2592000,h3-Q046=\":443\"; ma=2592000,h3-Q043=\":443\"; ma=2592000,quic=\":443\"; ma=2592000; v=\"46,43\"","accept-ranges":"none","transfer-encoding":"chunked"}
[debug] [2020-09-28T18:50:33.968Z] >>> HTTP REQUEST POST https://iam.googleapis.com/v1/projects/lara2-3b332/serviceAccounts/lara2-3b332@appspot.gserviceaccount.com:testIamPermissions  
 {"permissions":["iam.serviceAccounts.actAs"]}
[debug] [2020-09-28T18:50:34.847Z] <<< HTTP RESPONSE 200 {"content-type":"application/json; charset=UTF-8","vary":"X-Origin, Referer, Origin,Accept-Encoding","date":"Mon, 28 Sep 2020 18:50:34 GMT","server":"ESF","cache-control":"private","x-xss-protection":"0","x-frame-options":"SAMEORIGIN","x-content-type-options":"nosniff","alt-svc":"h3-Q050=\":443\"; ma=2592000,h3-29=\":443\"; ma=2592000,h3-27=\":443\"; ma=2592000,h3-T051=\":443\"; ma=2592000,h3-T050=\":443\"; ma=2592000,h3-Q046=\":443\"; ma=2592000,h3-Q043=\":443\"; ma=2592000,quic=\":443\"; ma=2592000; v=\"46,43\"","accept-ranges":"none","transfer-encoding":"chunked"}
[info] 
[info] === Deploying to 'lara2-3b332'...
[info] 
[info] i  deploying functions 
[info] Running command: npm --prefix "$RESOURCE_DIR" run lint
[info] Running command: npm --prefix "$RESOURCE_DIR" run build
[info] ✔  functions: Finished running predeploy script. 
[debug] [2020-09-28T18:50:46.499Z] > [functions] package.json contents: {
  "name": "functions",
  "scripts": {
    "lint": "tslint --project tsconfig.json",
    "build": "tsc",
    "serve": "npm run build && firebase emulators:start --only functions",
    "shell": "npm run build && firebase functions:shell",
    "start": "npm run shell",
    "deploy": "firebase deploy --only functions",
    "logs": "firebase functions:log"
  },
  "engines": {
    "node": "10"
  },
  "main": "lib/index.js",
  "dependencies": {
    "@google-cloud/speech": "^3.6.0",
    "@types/ip-address": "^5.8.2",
    "@types/request": "^2.48.5",
    "axios": "^0.20.0",
    "cors": "^2.8.5",
    "express": "^4.17.1",
    "firebase-admin": "^8.13.0",
    "firebase-functions": "^3.11.0",
    "imap-simple": "^5.0.0",
    "lodash": "^4.17.20",
    "mailparser": "^3.0.0",
    "mysql2": "^2.1.0",
    "node-fetch": "^2.6.0",
    "node-telegram-bot-api": "^0.40.0",
    "nodemailer": "^6.4.10",
    "request": "^2.88.2",
    "sanitize-html": "^1.27.4",
    "sequelize": "^6.3.4",
    "tedious": "^9.2.1",
    "twilio": "^3.48.1"
  },
  "devDependencies": {
    "firebase-functions-test": "^0.2.0",
    "tslint": "^5.12.0",
    "typescript": "^3.9.7"
  },
  "private": true
}
[info] i  functions: ensuring required API cloudfunctions.googleapis.com is enabled... 
[info] i  functions: ensuring required API cloudbuild.googleapis.com is enabled... 
[debug] [2020-09-28T18:50:47.645Z] >>> HTTP REQUEST GET https://serviceusage.googleapis.com/v1/projects/lara2-3b332/services/cloudfunctions.googleapis.com  
 
[debug] [2020-09-28T18:50:47.645Z] >>> HTTP REQUEST GET https://serviceusage.googleapis.com/v1/projects/lara2-3b332/services/runtimeconfig.googleapis.com  
 
[debug] [2020-09-28T18:50:47.645Z] >>> HTTP REQUEST GET https://serviceusage.googleapis.com/v1/projects/lara2-3b332/services/cloudbuild.googleapis.com  
 
[debug] [2020-09-28T18:50:48.612Z] <<< HTTP RESPONSE 200 {"content-type":"application/json; charset=UTF-8","vary":"X-Origin, Referer, Origin,Accept-Encoding","date":"Mon, 28 Sep 2020 18:50:48 GMT","server":"ESF","cache-control":"private","x-xss-protection":"0","x-frame-options":"SAMEORIGIN","x-content-type-options":"nosniff","alt-svc":"h3-Q050=\":443\"; ma=2592000,h3-29=\":443\"; ma=2592000,h3-27=\":443\"; ma=2592000,h3-T051=\":443\"; ma=2592000,h3-T050=\":443\"; ma=2592000,h3-Q046=\":443\"; ma=2592000,h3-Q043=\":443\"; ma=2592000,quic=\":443\"; ma=2592000; v=\"46,43\"","accept-ranges":"none","transfer-encoding":"chunked"}
[debug] [2020-09-28T18:50:48.625Z] <<< HTTP RESPONSE 200 {"content-type":"application/json; charset=UTF-8","vary":"X-Origin, Referer, Origin,Accept-Encoding","date":"Mon, 28 Sep 2020 18:50:48 GMT","server":"ESF","cache-control":"private","x-xss-protection":"0","x-frame-options":"SAMEORIGIN","x-content-type-options":"nosniff","alt-svc":"h3-Q050=\":443\"; ma=2592000,h3-29=\":443\"; ma=2592000,h3-27=\":443\"; ma=2592000,h3-T051=\":443\"; ma=2592000,h3-T050=\":443\"; ma=2592000,h3-Q046=\":443\"; ma=2592000,h3-Q043=\":443\"; ma=2592000,quic=\":443\"; ma=2592000; v=\"46,43\"","accept-ranges":"none","transfer-encoding":"chunked"}
[info] ✔  functions: required API cloudbuild.googleapis.com is enabled 
[debug] [2020-09-28T18:50:48.636Z] <<< HTTP RESPONSE 200 {"content-type":"application/json; charset=UTF-8","vary":"X-Origin, Referer, Origin,Accept-Encoding","date":"Mon, 28 Sep 2020 18:50:48 GMT","server":"ESF","cache-control":"private","x-xss-protection":"0","x-frame-options":"SAMEORIGIN","x-content-type-options":"nosniff","alt-svc":"h3-Q050=\":443\"; ma=2592000,h3-29=\":443\"; ma=2592000,h3-27=\":443\"; ma=2592000,h3-T051=\":443\"; ma=2592000,h3-T050=\":443\"; ma=2592000,h3-Q046=\":443\"; ma=2592000,h3-Q043=\":443\"; ma=2592000,quic=\":443\"; ma=2592000; v=\"46,43\"","accept-ranges":"none","transfer-encoding":"chunked"}
[info] ✔  functions: required API cloudfunctions.googleapis.com is enabled 
[debug] [2020-09-28T18:50:48.637Z] >>> HTTP REQUEST GET https://firebase.googleapis.com/v1beta1/projects/lara2-3b332/adminSdkConfig  
 
